<?xml version="1.0" encoding="UTF-8"?>
<!-- Generated by org.testng.reporters.JUnitXMLReporter -->
<testsuite hostname="user-PC" ignored="1" name="Test" tests="8" failures="1" timestamp="2021-03-31T18:21:43 IST" time="0.109" errors="0">
  <testcase name="TC1" time="0.0" classname="TestNG_Examples.sample4"/>
  <testcase name="TC2" time="0.0" classname="TestNG_Examples.sample4"/>
  <testcase name="TC3" time="0.0" classname="TestNG_Examples.sample4">
    <failure type="java.lang.AssertionError" message="null">
      <![CDATA[java.lang.AssertionError: null
at TestNG_Examples.sample4.TC3(sample4.java:20)
at java.util.ArrayList.forEach(Unknown Source)
... Removed 29 stack frames]]>
    </failure>
  </testcase> <!-- TC3 -->
  <testcase name="TC4" time="0.0" classname="TestNG_Examples.sample5"/>
  <testcase name="TC5" time="0.0" classname="TestNG_Examples.sample5"/>
  <testcase name="TC7" time="0.0" classname="TestNG_Examples.sample6"/>
  <testcase name="TC8" time="0.0" classname="TestNG_Examples.sample6"/>
  <testcase name="TC9" time="0.0" classname="TestNG_Examples.sample6"/>
  <testcase name="TC6" time="0.0" classname="TestNG_Examples.sample5">
    <ignored/>
  </testcase> <!-- TC6 -->
</testsuite> <!-- Test -->
