<?xml version="1.0" encoding="UTF-8"?>
<testng-results skipped="0" failed="0" ignored="0" total="1" passed="1">
  <reporter-output>
  </reporter-output>
  <suite name="Default suite" duration-ms="42239" started-at="2021-04-19T11:38:43 IST" finished-at="2021-04-19T11:39:26 IST">
    <groups>
    </groups>
    <test name="Default test" duration-ms="42239" started-at="2021-04-19T11:38:43 IST" finished-at="2021-04-19T11:39:26 IST">
      <class name="POM_DDF_TestNG.kite_verifyPNTest">
        <test-method status="PASS" signature="openBrowser()[pri:0, instance:POM_DDF_TestNG.kite_verifyPNTest@1e6d1014]" name="openBrowser" is-config="true" duration-ms="27886" started-at="2021-04-19T11:38:43 IST" finished-at="2021-04-19T11:39:11 IST">
          <reporter-output>
          </reporter-output>
        </test-method> <!-- openBrowser -->
        <test-method status="PASS" signature="loginToApp()[pri:0, instance:POM_DDF_TestNG.kite_verifyPNTest@1e6d1014]" name="loginToApp" is-config="true" duration-ms="593" started-at="2021-04-19T11:39:11 IST" finished-at="2021-04-19T11:39:12 IST">
          <reporter-output>
          </reporter-output>
        </test-method> <!-- loginToApp -->
        <test-method status="PASS" signature="veifyPN()[pri:0, instance:POM_DDF_TestNG.kite_verifyPNTest@1e6d1014]" name="veifyPN" duration-ms="4448" started-at="2021-04-19T11:39:12 IST" finished-at="2021-04-19T11:39:16 IST">
          <reporter-output>
          </reporter-output>
        </test-method> <!-- veifyPN -->
        <test-method status="PASS" signature="logoutFromapp()[pri:0, instance:POM_DDF_TestNG.kite_verifyPNTest@1e6d1014]" name="logoutFromapp" is-config="true" duration-ms="1058" started-at="2021-04-19T11:39:16 IST" finished-at="2021-04-19T11:39:17 IST">
          <reporter-output>
          </reporter-output>
        </test-method> <!-- logoutFromapp -->
        <test-method status="PASS" signature="CloseBrowser()[pri:0, instance:POM_DDF_TestNG.kite_verifyPNTest@1e6d1014]" name="CloseBrowser" is-config="true" duration-ms="8203" started-at="2021-04-19T11:39:17 IST" finished-at="2021-04-19T11:39:26 IST">
          <reporter-output>
          </reporter-output>
        </test-method> <!-- CloseBrowser -->
      </class> <!-- POM_DDF_TestNG.kite_verifyPNTest -->
    </test> <!-- Default test -->
  </suite> <!-- Default suite -->
</testng-results>
