<?xml version="1.0" encoding="UTF-8"?>
<!-- Generated by org.testng.reporters.JUnitXMLReporter -->
<testsuite hostname="user-PC" ignored="0" name="Test3" tests="10" failures="0" timestamp="2021-03-31T09:03:54 IST" time="0.109" errors="0">
  <testcase name="TC10" time="0.011" classname="TestNG_Examples.sample3"/>
  <testcase name="TC7" time="0.003" classname="TestNG_Examples.sample3"/>
  <testcase name="TC8" time="0.001" classname="TestNG_Examples.sample3"/>
  <testcase name="TC9" time="0.002" classname="TestNG_Examples.sample3"/>
  <testcase name="TC4" time="0.001" classname="TestNG_Examples.sample2"/>
  <testcase name="TC5" time="0.001" classname="TestNG_Examples.sample2"/>
  <testcase name="TC6" time="0.001" classname="TestNG_Examples.sample2"/>
  <testcase name="TC1" time="0.001" classname="TestNG_Examples.sample1"/>
  <testcase name="TC2" time="0.001" classname="TestNG_Examples.sample1"/>
  <testcase name="TC3" time="0.001" classname="TestNG_Examples.sample1"/>
</testsuite> <!-- Test3 -->
